\BOOKMARK [0][-]{section*.1}{Resumen}{}% 1
\BOOKMARK [0][-]{section*.2}{Abstract}{}% 2
\BOOKMARK [0][-]{chapter*.4}{Agradecimientos}{}% 3
\BOOKMARK [0][-]{chapter*.6}{Notaci\363n y acr\363nimos}{}% 4
\BOOKMARK [0][-]{idx_toc.0}{\315ndice general}{}% 5
\BOOKMARK [0][-]{section*.9}{\315ndice de figuras}{}% 6
\BOOKMARK [0][-]{section*.11}{\315ndice de tablas}{}% 7
\BOOKMARK [0][-]{section*.13}{\315ndice de listados}{}% 8
\BOOKMARK [0][-]{section*.15}{\315ndice de algoritmos}{}% 9
\BOOKMARK [0][-]{chapter.1}{1 Introducci\363n}{}% 10
\BOOKMARK [1][-]{section.1.1}{1.1 Ejemplos de listas}{chapter.1}% 11
\BOOKMARK [1][-]{section.1.2}{1.2 Ejemplos de tablas}{chapter.1}% 12
\BOOKMARK [1][-]{section.1.3}{1.3 Ejemplos de figuras}{chapter.1}% 13
\BOOKMARK [1][-]{section.1.4}{1.4 Ejemplos de listados}{chapter.1}% 14
\BOOKMARK [2][-]{subsection.1.4.1}{1.4.1 Algoritmos con el paquete algorithm2e}{section.1.4}% 15
\BOOKMARK [1][-]{section.1.5}{1.5 Ejemplos de f\363rmulas matem\341ticas}{chapter.1}% 16
\BOOKMARK [2][-]{subsection.1.5.1}{1.5.1 F\363rmulas creadas en l\355nea y con entorno equation}{section.1.5}% 17
\BOOKMARK [2][-]{subsection.1.5.2}{1.5.2 Ecuaciones en varias l\355neas con entornos eqnarray y align}{section.1.5}% 18
\BOOKMARK [0][-]{chapter.2}{2 Objetivo}{}% 19
\BOOKMARK [0][-]{chapter.3}{3 Metodolog\355a}{}% 20
\BOOKMARK [1][-]{section.3.1}{3.1 Gu\355a r\341pida de las metodolog\355as de desarrollo de software}{chapter.3}% 21
\BOOKMARK [2][-]{subsection.3.1.1}{3.1.1 Proceso de desarrollo de software}{section.3.1}% 22
\BOOKMARK [2][-]{subsection.3.1.2}{3.1.2 Metodolog\355as de desarrollo software}{section.3.1}% 23
\BOOKMARK [2][-]{subsection.3.1.3}{3.1.3 Proceso de testing}{section.3.1}% 24
\BOOKMARK [2][-]{subsection.3.1.4}{3.1.4 Herramientas CASE \(Computer Aided Software Engineering\)}{section.3.1}% 25
\BOOKMARK [2][-]{subsection.3.1.5}{3.1.5 Fuentes de informaci\363n adicional}{section.3.1}% 26
\BOOKMARK [0][-]{chapter.4}{4 Resultados}{}% 27
\BOOKMARK [0][-]{chapter.5}{5 Conclusiones}{}% 28
\BOOKMARK [1][-]{section.5.1}{5.1 Justificaci\363n de competencias adquiridas}{chapter.5}% 29
\BOOKMARK [1][-]{section.5.2}{5.2 Planificaci\363n y costes}{chapter.5}% 30
\BOOKMARK [0][-]{section*.31}{Bibliograf\355a}{}% 31
\BOOKMARK [0][-]{appendix.Alph1}{A El primer anexo}{}% 32
